LOG:  database system was shut down at 2011-06-01 19:55:13 EDT
LOG:  checkpoint record is at 0/38FF90
LOG:  redo record is at 0/38FF90; undo record is at 0/0; shutdown TRUE
LOG:  next transaction ID: 565; next OID: 10794
LOG:  next MultiXactId: 1; next MultiXactOffset: 0
LOG:  database system is ready
LOG:  transaction ID wrap limit is 2147484146, limited by database "postgres"
FATAL:  role "pygotham" does not exist
FATAL:  role "pygotham" does not exist
LOG:  transaction ID wrap limit is 2147484146, limited by database "postgres"
ERROR:  role "pygotham" does not exist
NOTICE:  CREATE TABLE will create implicit sequence "django_admin_log_id_seq" for serial column "django_admin_log.id"
NOTICE:  CREATE TABLE / PRIMARY KEY will create implicit index "django_admin_log_pkey" for table "django_admin_log"
NOTICE:  CREATE TABLE will create implicit sequence "auth_permission_id_seq" for serial column "auth_permission.id"
NOTICE:  CREATE TABLE / PRIMARY KEY will create implicit index "auth_permission_pkey" for table "auth_permission"
NOTICE:  CREATE TABLE / UNIQUE will create implicit index "auth_permission_content_type_id_key" for table "auth_permission"
NOTICE:  CREATE TABLE will create implicit sequence "auth_group_permissions_id_seq" for serial column "auth_group_permissions.id"
NOTICE:  CREATE TABLE / PRIMARY KEY will create implicit index "auth_group_permissions_pkey" for table "auth_group_permissions"
NOTICE:  CREATE TABLE / UNIQUE will create implicit index "auth_group_permissions_group_id_key" for table "auth_group_permissions"
NOTICE:  CREATE TABLE will create implicit sequence "auth_group_id_seq" for serial column "auth_group.id"
NOTICE:  CREATE TABLE / PRIMARY KEY will create implicit index "auth_group_pkey" for table "auth_group"
NOTICE:  CREATE TABLE / UNIQUE will create implicit index "auth_group_name_key" for table "auth_group"
NOTICE:  CREATE TABLE will create implicit sequence "auth_user_user_permissions_id_seq" for serial column "auth_user_user_permissions.id"
NOTICE:  CREATE TABLE / PRIMARY KEY will create implicit index "auth_user_user_permissions_pkey" for table "auth_user_user_permissions"
NOTICE:  CREATE TABLE / UNIQUE will create implicit index "auth_user_user_permissions_user_id_key" for table "auth_user_user_permissions"
NOTICE:  CREATE TABLE will create implicit sequence "auth_user_groups_id_seq" for serial column "auth_user_groups.id"
NOTICE:  CREATE TABLE / PRIMARY KEY will create implicit index "auth_user_groups_pkey" for table "auth_user_groups"
NOTICE:  CREATE TABLE / UNIQUE will create implicit index "auth_user_groups_user_id_key" for table "auth_user_groups"
NOTICE:  CREATE TABLE will create implicit sequence "auth_user_id_seq" for serial column "auth_user.id"
NOTICE:  CREATE TABLE / PRIMARY KEY will create implicit index "auth_user_pkey" for table "auth_user"
NOTICE:  CREATE TABLE / UNIQUE will create implicit index "auth_user_username_key" for table "auth_user"
NOTICE:  CREATE TABLE will create implicit sequence "auth_message_id_seq" for serial column "auth_message.id"
NOTICE:  CREATE TABLE / PRIMARY KEY will create implicit index "auth_message_pkey" for table "auth_message"
NOTICE:  CREATE TABLE will create implicit sequence "django_content_type_id_seq" for serial column "django_content_type.id"
NOTICE:  CREATE TABLE / PRIMARY KEY will create implicit index "django_content_type_pkey" for table "django_content_type"
NOTICE:  CREATE TABLE / UNIQUE will create implicit index "django_content_type_app_label_key" for table "django_content_type"
NOTICE:  CREATE TABLE / PRIMARY KEY will create implicit index "django_session_pkey" for table "django_session"
NOTICE:  CREATE TABLE will create implicit sequence "django_site_id_seq" for serial column "django_site.id"
NOTICE:  CREATE TABLE / PRIMARY KEY will create implicit index "django_site_pkey" for table "django_site"
NOTICE:  CREATE TABLE will create implicit sequence "registration_registrationprofile_id_seq" for serial column "registration_registrationprofile.id"
NOTICE:  CREATE TABLE / PRIMARY KEY will create implicit index "registration_registrationprofile_pkey" for table "registration_registrationprofile"
NOTICE:  CREATE TABLE / UNIQUE will create implicit index "registration_registrationprofile_user_id_key" for table "registration_registrationprofile"
NOTICE:  CREATE TABLE will create implicit sequence "profiles_userprofile_id_seq" for serial column "profiles_userprofile.id"
NOTICE:  CREATE TABLE / PRIMARY KEY will create implicit index "profiles_userprofile_pkey" for table "profiles_userprofile"
NOTICE:  CREATE TABLE / UNIQUE will create implicit index "profiles_userprofile_user_id_key" for table "profiles_userprofile"
ERROR:  value too long for type character varying(30)
ERROR:  must be owner of database pygotham
FATAL:  role "root" does not exist
LOG:  transaction ID wrap limit is 2147484146, limited by database "postgres"
LOG:  transaction ID wrap limit is 2147484146, limited by database "postgres"
ERROR:  role "pygotham" already exists
NOTICE:  CREATE TABLE will create implicit sequence "django_admin_log_id_seq" for serial column "django_admin_log.id"
NOTICE:  CREATE TABLE / PRIMARY KEY will create implicit index "django_admin_log_pkey" for table "django_admin_log"
NOTICE:  CREATE TABLE will create implicit sequence "auth_permission_id_seq" for serial column "auth_permission.id"
NOTICE:  CREATE TABLE / PRIMARY KEY will create implicit index "auth_permission_pkey" for table "auth_permission"
NOTICE:  CREATE TABLE / UNIQUE will create implicit index "auth_permission_content_type_id_key" for table "auth_permission"
NOTICE:  CREATE TABLE will create implicit sequence "auth_group_permissions_id_seq" for serial column "auth_group_permissions.id"
NOTICE:  CREATE TABLE / PRIMARY KEY will create implicit index "auth_group_permissions_pkey" for table "auth_group_permissions"
NOTICE:  CREATE TABLE / UNIQUE will create implicit index "auth_group_permissions_group_id_key" for table "auth_group_permissions"
NOTICE:  CREATE TABLE will create implicit sequence "auth_group_id_seq" for serial column "auth_group.id"
NOTICE:  CREATE TABLE / PRIMARY KEY will create implicit index "auth_group_pkey" for table "auth_group"
NOTICE:  CREATE TABLE / UNIQUE will create implicit index "auth_group_name_key" for table "auth_group"
NOTICE:  CREATE TABLE will create implicit sequence "auth_user_user_permissions_id_seq" for serial column "auth_user_user_permissions.id"
NOTICE:  CREATE TABLE / PRIMARY KEY will create implicit index "auth_user_user_permissions_pkey" for table "auth_user_user_permissions"
NOTICE:  CREATE TABLE / UNIQUE will create implicit index "auth_user_user_permissions_user_id_key" for table "auth_user_user_permissions"
NOTICE:  CREATE TABLE will create implicit sequence "auth_user_groups_id_seq" for serial column "auth_user_groups.id"
NOTICE:  CREATE TABLE / PRIMARY KEY will create implicit index "auth_user_groups_pkey" for table "auth_user_groups"
NOTICE:  CREATE TABLE / UNIQUE will create implicit index "auth_user_groups_user_id_key" for table "auth_user_groups"
NOTICE:  CREATE TABLE will create implicit sequence "auth_user_id_seq" for serial column "auth_user.id"
NOTICE:  CREATE TABLE / PRIMARY KEY will create implicit index "auth_user_pkey" for table "auth_user"
NOTICE:  CREATE TABLE / UNIQUE will create implicit index "auth_user_username_key" for table "auth_user"
NOTICE:  CREATE TABLE will create implicit sequence "auth_message_id_seq" for serial column "auth_message.id"
NOTICE:  CREATE TABLE / PRIMARY KEY will create implicit index "auth_message_pkey" for table "auth_message"
NOTICE:  CREATE TABLE will create implicit sequence "django_content_type_id_seq" for serial column "django_content_type.id"
NOTICE:  CREATE TABLE / PRIMARY KEY will create implicit index "django_content_type_pkey" for table "django_content_type"
NOTICE:  CREATE TABLE / UNIQUE will create implicit index "django_content_type_app_label_key" for table "django_content_type"
NOTICE:  CREATE TABLE / PRIMARY KEY will create implicit index "django_session_pkey" for table "django_session"
NOTICE:  CREATE TABLE will create implicit sequence "django_site_id_seq" for serial column "django_site.id"
NOTICE:  CREATE TABLE / PRIMARY KEY will create implicit index "django_site_pkey" for table "django_site"
NOTICE:  CREATE TABLE will create implicit sequence "registration_registrationprofile_id_seq" for serial column "registration_registrationprofile.id"
NOTICE:  CREATE TABLE / PRIMARY KEY will create implicit index "registration_registrationprofile_pkey" for table "registration_registrationprofile"
NOTICE:  CREATE TABLE / UNIQUE will create implicit index "registration_registrationprofile_user_id_key" for table "registration_registrationprofile"
NOTICE:  CREATE TABLE will create implicit sequence "profiles_userprofile_id_seq" for serial column "profiles_userprofile.id"
NOTICE:  CREATE TABLE / PRIMARY KEY will create implicit index "profiles_userprofile_pkey" for table "profiles_userprofile"
NOTICE:  CREATE TABLE / UNIQUE will create implicit index "profiles_userprofile_user_id_key" for table "profiles_userprofile"
LOG:  received smart shutdown request
LOG:  shutting down
LOG:  database system is shut down
LOG:  logger shutting down
LOG:  database system was shut down at 2011-06-01 20:47:24 EDT
LOG:  checkpoint record is at 0/4B0620
LOG:  redo record is at 0/4B0620; undo record is at 0/0; shutdown TRUE
LOG:  next transaction ID: 683; next OID: 16750
LOG:  next MultiXactId: 1; next MultiXactOffset: 0
LOG:  database system is ready
LOG:  transaction ID wrap limit is 2147484146, limited by database "postgres"
ERROR:  unrecognized configuration parameter "tables"
LOG:  transaction ID wrap limit is 2147484146, limited by database "postgres"
LOG:  transaction ID wrap limit is 2147484146, limited by database "postgres"
NOTICE:  CREATE TABLE will create implicit sequence "django_admin_log_id_seq" for serial column "django_admin_log.id"
NOTICE:  CREATE TABLE / PRIMARY KEY will create implicit index "django_admin_log_pkey" for table "django_admin_log"
NOTICE:  CREATE TABLE will create implicit sequence "auth_permission_id_seq" for serial column "auth_permission.id"
NOTICE:  CREATE TABLE / PRIMARY KEY will create implicit index "auth_permission_pkey" for table "auth_permission"
NOTICE:  CREATE TABLE / UNIQUE will create implicit index "auth_permission_content_type_id_key" for table "auth_permission"
NOTICE:  CREATE TABLE will create implicit sequence "auth_group_permissions_id_seq" for serial column "auth_group_permissions.id"
NOTICE:  CREATE TABLE / PRIMARY KEY will create implicit index "auth_group_permissions_pkey" for table "auth_group_permissions"
NOTICE:  CREATE TABLE / UNIQUE will create implicit index "auth_group_permissions_group_id_key" for table "auth_group_permissions"
NOTICE:  CREATE TABLE will create implicit sequence "auth_group_id_seq" for serial column "auth_group.id"
NOTICE:  CREATE TABLE / PRIMARY KEY will create implicit index "auth_group_pkey" for table "auth_group"
NOTICE:  CREATE TABLE / UNIQUE will create implicit index "auth_group_name_key" for table "auth_group"
NOTICE:  CREATE TABLE will create implicit sequence "auth_user_user_permissions_id_seq" for serial column "auth_user_user_permissions.id"
NOTICE:  CREATE TABLE / PRIMARY KEY will create implicit index "auth_user_user_permissions_pkey" for table "auth_user_user_permissions"
NOTICE:  CREATE TABLE / UNIQUE will create implicit index "auth_user_user_permissions_user_id_key" for table "auth_user_user_permissions"
NOTICE:  CREATE TABLE will create implicit sequence "auth_user_groups_id_seq" for serial column "auth_user_groups.id"
NOTICE:  CREATE TABLE / PRIMARY KEY will create implicit index "auth_user_groups_pkey" for table "auth_user_groups"
NOTICE:  CREATE TABLE / UNIQUE will create implicit index "auth_user_groups_user_id_key" for table "auth_user_groups"
NOTICE:  CREATE TABLE will create implicit sequence "auth_user_id_seq" for serial column "auth_user.id"
NOTICE:  CREATE TABLE / PRIMARY KEY will create implicit index "auth_user_pkey" for table "auth_user"
NOTICE:  CREATE TABLE / UNIQUE will create implicit index "auth_user_username_key" for table "auth_user"
NOTICE:  CREATE TABLE will create implicit sequence "auth_message_id_seq" for serial column "auth_message.id"
NOTICE:  CREATE TABLE / PRIMARY KEY will create implicit index "auth_message_pkey" for table "auth_message"
NOTICE:  CREATE TABLE will create implicit sequence "django_content_type_id_seq" for serial column "django_content_type.id"
NOTICE:  CREATE TABLE / PRIMARY KEY will create implicit index "django_content_type_pkey" for table "django_content_type"
NOTICE:  CREATE TABLE / UNIQUE will create implicit index "django_content_type_app_label_key" for table "django_content_type"
NOTICE:  CREATE TABLE / PRIMARY KEY will create implicit index "django_session_pkey" for table "django_session"
NOTICE:  CREATE TABLE will create implicit sequence "django_site_id_seq" for serial column "django_site.id"
NOTICE:  CREATE TABLE / PRIMARY KEY will create implicit index "django_site_pkey" for table "django_site"
NOTICE:  CREATE TABLE will create implicit sequence "registration_registrationprofile_id_seq" for serial column "registration_registrationprofile.id"
NOTICE:  CREATE TABLE / PRIMARY KEY will create implicit index "registration_registrationprofile_pkey" for table "registration_registrationprofile"
NOTICE:  CREATE TABLE / UNIQUE will create implicit index "registration_registrationprofile_user_id_key" for table "registration_registrationprofile"
NOTICE:  CREATE TABLE will create implicit sequence "profiles_userprofile_id_seq" for serial column "profiles_userprofile.id"
NOTICE:  CREATE TABLE / PRIMARY KEY will create implicit index "profiles_userprofile_pkey" for table "profiles_userprofile"
NOTICE:  CREATE TABLE / UNIQUE will create implicit index "profiles_userprofile_user_id_key" for table "profiles_userprofile"
FATAL:  database "pygotha" does not exist
LOG:  transaction ID wrap limit is 2147484146, limited by database "postgres"
LOG:  transaction ID wrap limit is 2147484146, limited by database "postgres"
NOTICE:  CREATE TABLE will create implicit sequence "django_admin_log_id_seq" for serial column "django_admin_log.id"
NOTICE:  CREATE TABLE / PRIMARY KEY will create implicit index "django_admin_log_pkey" for table "django_admin_log"
NOTICE:  CREATE TABLE will create implicit sequence "auth_permission_id_seq" for serial column "auth_permission.id"
NOTICE:  CREATE TABLE / PRIMARY KEY will create implicit index "auth_permission_pkey" for table "auth_permission"
NOTICE:  CREATE TABLE / UNIQUE will create implicit index "auth_permission_content_type_id_key" for table "auth_permission"
NOTICE:  CREATE TABLE will create implicit sequence "auth_group_permissions_id_seq" for serial column "auth_group_permissions.id"
NOTICE:  CREATE TABLE / PRIMARY KEY will create implicit index "auth_group_permissions_pkey" for table "auth_group_permissions"
NOTICE:  CREATE TABLE / UNIQUE will create implicit index "auth_group_permissions_group_id_key" for table "auth_group_permissions"
NOTICE:  CREATE TABLE will create implicit sequence "auth_group_id_seq" for serial column "auth_group.id"
NOTICE:  CREATE TABLE / PRIMARY KEY will create implicit index "auth_group_pkey" for table "auth_group"
NOTICE:  CREATE TABLE / UNIQUE will create implicit index "auth_group_name_key" for table "auth_group"
NOTICE:  CREATE TABLE will create implicit sequence "auth_user_user_permissions_id_seq" for serial column "auth_user_user_permissions.id"
NOTICE:  CREATE TABLE / PRIMARY KEY will create implicit index "auth_user_user_permissions_pkey" for table "auth_user_user_permissions"
NOTICE:  CREATE TABLE / UNIQUE will create implicit index "auth_user_user_permissions_user_id_key" for table "auth_user_user_permissions"
NOTICE:  CREATE TABLE will create implicit sequence "auth_user_groups_id_seq" for serial column "auth_user_groups.id"
NOTICE:  CREATE TABLE / PRIMARY KEY will create implicit index "auth_user_groups_pkey" for table "auth_user_groups"
NOTICE:  CREATE TABLE / UNIQUE will create implicit index "auth_user_groups_user_id_key" for table "auth_user_groups"
NOTICE:  CREATE TABLE will create implicit sequence "auth_user_id_seq" for serial column "auth_user.id"
NOTICE:  CREATE TABLE / PRIMARY KEY will create implicit index "auth_user_pkey" for table "auth_user"
NOTICE:  CREATE TABLE / UNIQUE will create implicit index "auth_user_username_key" for table "auth_user"
NOTICE:  CREATE TABLE will create implicit sequence "auth_message_id_seq" for serial column "auth_message.id"
NOTICE:  CREATE TABLE / PRIMARY KEY will create implicit index "auth_message_pkey" for table "auth_message"
NOTICE:  CREATE TABLE will create implicit sequence "django_content_type_id_seq" for serial column "django_content_type.id"
NOTICE:  CREATE TABLE / PRIMARY KEY will create implicit index "django_content_type_pkey" for table "django_content_type"
NOTICE:  CREATE TABLE / UNIQUE will create implicit index "django_content_type_app_label_key" for table "django_content_type"
NOTICE:  CREATE TABLE / PRIMARY KEY will create implicit index "django_session_pkey" for table "django_session"
NOTICE:  CREATE TABLE will create implicit sequence "django_site_id_seq" for serial column "django_site.id"
NOTICE:  CREATE TABLE / PRIMARY KEY will create implicit index "django_site_pkey" for table "django_site"
NOTICE:  CREATE TABLE will create implicit sequence "registration_registrationprofile_id_seq" for serial column "registration_registrationprofile.id"
NOTICE:  CREATE TABLE / PRIMARY KEY will create implicit index "registration_registrationprofile_pkey" for table "registration_registrationprofile"
NOTICE:  CREATE TABLE / UNIQUE will create implicit index "registration_registrationprofile_user_id_key" for table "registration_registrationprofile"
NOTICE:  CREATE TABLE will create implicit sequence "profiles_userprofile_id_seq" for serial column "profiles_userprofile.id"
NOTICE:  CREATE TABLE / PRIMARY KEY will create implicit index "profiles_userprofile_pkey" for table "profiles_userprofile"
NOTICE:  CREATE TABLE / UNIQUE will create implicit index "profiles_userprofile_user_id_key" for table "profiles_userprofile"
